10:16:58,260 INFO  [Server] Starting JBoss (MX MicroKernel)...
10:16:58,261 INFO  [Server] Release ID: JBoss [Trinity] 4.2.3.GA (build: SVNTag=JBoss_4_2_3_GA date=200807181417)
10:16:58,261 DEBUG [Server] Using config: org.jboss.system.server.ServerConfigImpl@44443799
10:16:58,261 DEBUG [Server] Server type: class org.jboss.system.server.ServerImpl
10:16:58,261 DEBUG [Server] Server loaded through: org.jboss.system.server.NoAnnotationURLClassLoader
10:16:58,261 DEBUG [Server] Boot URLs:
10:16:58,261 DEBUG [Server]   file:/home/linux/Dokumente/Software Maintaince and Evolution/jboss-4.2.3.GA/lib/endorsed/serializer.jar
10:16:58,261 DEBUG [Server]   file:/home/linux/Dokumente/Software Maintaince and Evolution/jboss-4.2.3.GA/lib/endorsed/xalan.jar
10:16:58,261 DEBUG [Server]   file:/home/linux/Dokumente/Software Maintaince and Evolution/jboss-4.2.3.GA/lib/endorsed/xercesImpl.jar
10:16:58,261 DEBUG [Server]   file:/home/linux/Dokumente/Software Maintaince and Evolution/jboss-4.2.3.GA/lib/jboss-jmx.jar
10:16:58,261 DEBUG [Server]   file:/home/linux/Dokumente/Software Maintaince and Evolution/jboss-4.2.3.GA/lib/concurrent.jar
10:16:58,261 DEBUG [Server]   file:/home/linux/Dokumente/Software Maintaince and Evolution/jboss-4.2.3.GA/lib/log4j-boot.jar
10:16:58,261 DEBUG [Server]   file:/home/linux/Dokumente/Software Maintaince and Evolution/jboss-4.2.3.GA/lib/jboss-common.jar
10:16:58,261 DEBUG [Server]   file:/home/linux/Dokumente/Software Maintaince and Evolution/jboss-4.2.3.GA/lib/jboss-system.jar
10:16:58,261 DEBUG [Server]   file:/home/linux/Dokumente/Software Maintaince and Evolution/jboss-4.2.3.GA/lib/jboss-xml-binding.jar
10:16:58,261 INFO  [Server] Home Dir: /home/linux/Dokumente/Software Maintaince and Evolution/jboss-4.2.3.GA
10:16:58,261 INFO  [Server] Home URL: file:/home/linux/Dokumente/Software Maintaince and Evolution/jboss-4.2.3.GA/
10:16:58,262 DEBUG [Server] Library URL: file:/home/linux/Dokumente/Software Maintaince and Evolution/jboss-4.2.3.GA/lib/
10:16:58,262 INFO  [Server] Patch URL: null
10:16:58,262 INFO  [Server] Server Name: default
10:16:58,262 INFO  [Server] Server Home Dir: /home/linux/Dokumente/Software Maintaince and Evolution/jboss-4.2.3.GA/server/default
10:16:58,262 INFO  [Server] Server Home URL: file:/home/linux/Dokumente/Software Maintaince and Evolution/jboss-4.2.3.GA/server/default/
10:16:58,262 INFO  [Server] Server Log Dir: /home/linux/Dokumente/Software Maintaince and Evolution/jboss-4.2.3.GA/server/default/log
10:16:58,263 DEBUG [Server] Server Data Dir: /home/linux/Dokumente/Software Maintaince and Evolution/jboss-4.2.3.GA/server/default/data
10:16:58,263 INFO  [Server] Server Temp Dir: /home/linux/Dokumente/Software Maintaince and Evolution/jboss-4.2.3.GA/server/default/tmp
10:16:58,263 DEBUG [Server] Server Config URL: file:/home/linux/Dokumente/Software Maintaince and Evolution/jboss-4.2.3.GA/server/default/conf/
10:16:58,263 DEBUG [Server] Server Library URL: file:/home/linux/Dokumente/Software Maintaince and Evolution/jboss-4.2.3.GA/server/default/lib/
10:16:58,263 INFO  [Server] Root Deployment Filename: jboss-service.xml
10:16:58,264 DEBUG [Server] Starting General Purpose Architecture (GPA)...
10:16:58,333 DEBUG [Server] Created MBeanServer: org.jboss.mx.server.MBeanServerImpl@6c164690[ defaultDomain='jboss' ]
10:16:58,355 DEBUG [Server] Boot url list: [file:/home/linux/Dokumente/Software Maintaince and Evolution/jboss-4.2.3.GA/server/default/conf/]
10:16:58,355 DEBUG [Server] Creating loader for URL: file:/home/linux/Dokumente/Software Maintaince and Evolution/jboss-4.2.3.GA/server/default/conf/
10:16:58,357 DEBUG [RepositoryClassLoader] setRepository, repository=org.jboss.mx.loading.UnifiedLoaderRepository3@6ea4ce0d, cl=org.jboss.mx.loading.UnifiedClassLoader3@5d3f03b{ url=file:/home/linux/Dokumente/Software Maintaince and Evolution/jboss-4.2.3.GA/server/default/conf/ ,addedOrder=0}
10:16:58,357 DEBUG [RepositoryClassLoader] setRepository, repository=org.jboss.mx.loading.UnifiedLoaderRepository3@6ea4ce0d, cl=org.jboss.mx.loading.UnifiedClassLoader3@5d3f03b{ url=file:/home/linux/Dokumente/Software Maintaince and Evolution/jboss-4.2.3.GA/server/default/conf/ ,addedOrder=0}
10:16:58,357 DEBUG [UnifiedLoaderRepository3] Adding org.jboss.mx.loading.UnifiedClassLoader3@5d3f03b{ url=file:/home/linux/Dokumente/Software Maintaince and Evolution/jboss-4.2.3.GA/server/default/conf/ ,addedOrder=0}
10:16:58,399 DEBUG [Server] Failed to create xmbean for: org.jboss.system.server.ServerInfo
10:16:58,406 INFO  [ServerInfo] Java version: 1.7.0_55,Oracle Corporation
10:16:58,406 INFO  [ServerInfo] Java VM: OpenJDK 64-Bit Server VM 24.51-b03,Oracle Corporation
10:16:58,406 INFO  [ServerInfo] OS-System: Linux 3.14.2-200.fc20.x86_64,amd64
10:16:58,406 DEBUG [ServerInfo] Full System Properties Dump
10:16:58,406 DEBUG [ServerInfo]     java.vendor: Oracle Corporation
10:16:58,406 DEBUG [ServerInfo]     sun.java.launcher: SUN_STANDARD
10:16:58,406 DEBUG [ServerInfo]     sun.management.compiler: HotSpot 64-Bit Tiered Compilers
10:16:58,406 DEBUG [ServerInfo]     os.name: Linux
10:16:58,406 DEBUG [ServerInfo]     sun.boot.class.path: /home/linux/Dokumente/Software Maintaince and Evolution/jboss-4.2.3.GA/lib/endorsed/serializer.jar:/home/linux/Dokumente/Software Maintaince and Evolution/jboss-4.2.3.GA/lib/endorsed/xalan.jar:/home/linux/Dokumente/Software Maintaince and Evolution/jboss-4.2.3.GA/lib/endorsed/xercesImpl.jar:/usr/lib/jvm/java-1.7.0-openjdk-1.7.0.60-2.4.7.0.fc20.x86_64/jre/lib/resources.jar:/usr/lib/jvm/java-1.7.0-openjdk-1.7.0.60-2.4.7.0.fc20.x86_64/jre/lib/rt.jar:/usr/lib/jvm/java-1.7.0-openjdk-1.7.0.60-2.4.7.0.fc20.x86_64/jre/lib/sunrsasign.jar:/usr/lib/jvm/java-1.7.0-openjdk-1.7.0.60-2.4.7.0.fc20.x86_64/jre/lib/jsse.jar:/usr/lib/jvm/java-1.7.0-openjdk-1.7.0.60-2.4.7.0.fc20.x86_64/jre/lib/jce.jar:/usr/lib/jvm/java-1.7.0-openjdk-1.7.0.60-2.4.7.0.fc20.x86_64/jre/lib/charsets.jar:/usr/lib/jvm/java-1.7.0-openjdk-1.7.0.60-2.4.7.0.fc20.x86_64/jre/lib/netx.jar:/usr/lib/jvm/java-1.7.0-openjdk-1.7.0.60-2.4.7.0.fc20.x86_64/jre/lib/plugin.jar:/usr/lib/jvm/java-1.7.0-openjdk-1.7.0.60-2.4.7.0.fc20.x86_64/jre/lib/rhino.jar:/usr/lib/jvm/java-1.7.0-openjdk-1.7.0.60-2.4.7.0.fc20.x86_64/jre/lib/jfr.jar:/usr/lib/jvm/java-1.7.0-openjdk-1.7.0.60-2.4.7.0.fc20.x86_64/jre/classes
10:16:58,406 DEBUG [ServerInfo]     sun.desktop: gnome
10:16:58,406 DEBUG [ServerInfo]     java.vm.specification.vendor: Oracle Corporation
10:16:58,407 DEBUG [ServerInfo]     java.runtime.version: 1.7.0_55-mockbuild_2014_04_16_06_38-b00
10:16:58,407 DEBUG [ServerInfo]     user.name: linux
10:16:58,407 DEBUG [ServerInfo]     jboss.bind.address: 127.0.0.1
10:16:58,407 DEBUG [ServerInfo]     jboss.home.dir: /home/linux/Dokumente/Software Maintaince and Evolution/jboss-4.2.3.GA
10:16:58,407 DEBUG [ServerInfo]     user.language: de
10:16:58,407 DEBUG [ServerInfo]     sun.boot.library.path: /usr/lib/jvm/java-1.7.0-openjdk-1.7.0.60-2.4.7.0.fc20.x86_64/jre/lib/amd64
10:16:58,407 DEBUG [ServerInfo]     jboss.home.url: file:/home/linux/Dokumente/Software Maintaince and Evolution/jboss-4.2.3.GA/
10:16:58,407 DEBUG [ServerInfo]     java.version: 1.7.0_55
10:16:58,407 DEBUG [ServerInfo]     user.timezone: Europe/Vienna
10:16:58,407 DEBUG [ServerInfo]     java.net.preferIPv4Stack: true
10:16:58,407 DEBUG [ServerInfo]     jboss.server.home.dir: /home/linux/Dokumente/Software Maintaince and Evolution/jboss-4.2.3.GA/server/default
10:16:58,407 DEBUG [ServerInfo]     jgroups.bind_addr: 127.0.0.1
10:16:58,407 DEBUG [ServerInfo]     sun.arch.data.model: 64
10:16:58,407 DEBUG [ServerInfo]     java.endorsed.dirs: /home/linux/Dokumente/Software Maintaince and Evolution/jboss-4.2.3.GA/lib/endorsed
10:16:58,407 DEBUG [ServerInfo]     jboss.server.home.url: file:/home/linux/Dokumente/Software Maintaince and Evolution/jboss-4.2.3.GA/server/default/
10:16:58,407 DEBUG [ServerInfo]     sun.cpu.isalist: 
10:16:58,407 DEBUG [ServerInfo]     sun.jnu.encoding: UTF-8
10:16:58,407 DEBUG [ServerInfo]     file.encoding.pkg: sun.io
10:16:58,407 DEBUG [ServerInfo]     file.separator: /
10:16:58,407 DEBUG [ServerInfo]     java.specification.name: Java Platform API Specification
10:16:58,407 DEBUG [ServerInfo]     java.class.version: 51.0
10:16:58,407 DEBUG [ServerInfo]     jboss.server.config.url: file:/home/linux/Dokumente/Software Maintaince and Evolution/jboss-4.2.3.GA/server/default/conf/
10:16:58,407 DEBUG [ServerInfo]     user.country: DE
10:16:58,407 DEBUG [ServerInfo]     java.home: /usr/lib/jvm/java-1.7.0-openjdk-1.7.0.60-2.4.7.0.fc20.x86_64/jre
10:16:58,407 DEBUG [ServerInfo]     java.vm.info: mixed mode
10:16:58,407 DEBUG [ServerInfo]     jboss.server.log.threshold: DEBUG
10:16:58,407 DEBUG [ServerInfo]     jboss.lib.url: file:/home/linux/Dokumente/Software Maintaince and Evolution/jboss-4.2.3.GA/lib/
10:16:58,407 DEBUG [ServerInfo]     os.version: 3.14.2-200.fc20.x86_64
10:16:58,407 DEBUG [ServerInfo]     path.separator: :
10:16:58,408 DEBUG [ServerInfo]     java.vm.version: 24.51-b03
10:16:58,408 DEBUG [ServerInfo]     java.protocol.handler.pkgs: org.jboss.net.protocol
10:16:58,408 DEBUG [ServerInfo]     java.awt.printerjob: sun.print.PSPrinterJob
10:16:58,408 DEBUG [ServerInfo]     sun.io.unicode.encoding: UnicodeLittle
10:16:58,408 DEBUG [ServerInfo]     awt.toolkit: sun.awt.X11.XToolkit
10:16:58,408 DEBUG [ServerInfo]     jboss.server.temp.dir: /home/linux/Dokumente/Software Maintaince and Evolution/jboss-4.2.3.GA/server/default/tmp
10:16:58,408 DEBUG [ServerInfo]     sun.rmi.dgc.client.gcInterval: 3600000
10:16:58,408 DEBUG [ServerInfo]     user.home: /home/linux
10:16:58,408 DEBUG [ServerInfo]     java.specification.vendor: Oracle Corporation
10:16:58,408 DEBUG [ServerInfo]     java.library.path: /usr/java/packages/lib/amd64:/usr/lib64:/lib64:/lib:/usr/lib
10:16:58,408 DEBUG [ServerInfo]     java.vendor.url: http://java.oracle.com/
10:16:58,408 DEBUG [ServerInfo]     program.name: run.sh
10:16:58,408 DEBUG [ServerInfo]     java.vm.vendor: Oracle Corporation
10:16:58,408 DEBUG [ServerInfo]     sun.rmi.dgc.server.gcInterval: 3600000
10:16:58,408 DEBUG [ServerInfo]     java.runtime.name: OpenJDK Runtime Environment
10:16:58,408 DEBUG [ServerInfo]     sun.java.command: org.jboss.Main
10:16:58,408 DEBUG [ServerInfo]     java.class.path: /home/linux/Dokumente/Software Maintaince and Evolution/jboss-4.2.3.GA/bin/run.jar
10:16:58,408 DEBUG [ServerInfo]     jboss.server.log.dir: /home/linux/Dokumente/Software Maintaince and Evolution/jboss-4.2.3.GA/server/default/log
10:16:58,408 DEBUG [ServerInfo]     jbossmx.loader.repository.class: org.jboss.mx.loading.UnifiedLoaderRepository3
10:16:58,408 DEBUG [ServerInfo]     java.vm.specification.name: Java Virtual Machine Specification
10:16:58,408 DEBUG [ServerInfo]     java.vm.specification.version: 1.7
10:16:58,408 DEBUG [ServerInfo]     sun.cpu.endian: little
10:16:58,408 DEBUG [ServerInfo]     sun.os.patch.level: unknown
10:16:58,408 DEBUG [ServerInfo]     jboss.server.lib.url: file:/home/linux/Dokumente/Software Maintaince and Evolution/jboss-4.2.3.GA/server/default/lib/
10:16:58,408 DEBUG [ServerInfo]     java.io.tmpdir: /tmp
10:16:58,408 DEBUG [ServerInfo]     java.vendor.url.bug: http://bugreport.sun.com/bugreport/
10:16:58,408 DEBUG [ServerInfo]     jboss.server.data.dir: /home/linux/Dokumente/Software Maintaince and Evolution/jboss-4.2.3.GA/server/default/data
10:16:58,408 DEBUG [ServerInfo]     java.rmi.server.hostname: 127.0.0.1
10:16:58,408 DEBUG [ServerInfo]     os.arch: amd64
10:16:58,408 DEBUG [ServerInfo]     java.awt.graphicsenv: sun.awt.X11GraphicsEnvironment
10:16:58,408 DEBUG [ServerInfo]     java.ext.dirs: /usr/lib/jvm/java-1.7.0-openjdk-1.7.0.60-2.4.7.0.fc20.x86_64/jre/lib/ext:/usr/java/packages/lib/ext
10:16:58,408 DEBUG [ServerInfo]     user.dir: /home/linux/Dokumente/Software Maintaince and Evolution/jboss-4.2.3.GA/bin
10:16:58,409 DEBUG [ServerInfo]     line.separator: 

10:16:58,409 DEBUG [ServerInfo]     java.vm.name: OpenJDK 64-Bit Server VM
10:16:58,409 DEBUG [ServerInfo]     jboss.server.base.dir: /home/linux/Dokumente/Software Maintaince and Evolution/jboss-4.2.3.GA/server
10:16:58,409 DEBUG [ServerInfo]     jboss.server.base.url: file:/home/linux/Dokumente/Software Maintaince and Evolution/jboss-4.2.3.GA/server/
10:16:58,409 DEBUG [ServerInfo]     javax.management.builder.initial: org.jboss.mx.server.MBeanServerBuilderImpl
10:16:58,409 DEBUG [ServerInfo]     file.encoding: UTF-8
10:16:58,409 DEBUG [ServerInfo]     java.specification.version: 1.7
10:16:58,409 DEBUG [ServerInfo]     jboss.server.name: default
10:16:58,412 DEBUG [Server] Created system MBean: jboss.system:type=ServerInfo
10:16:58,415 DEBUG [Server] Failed to create xmbean for: org.jboss.system.ServiceController
10:16:58,426 DEBUG [ServiceController] Controller MBean online
10:16:58,426 DEBUG [Server] Created system MBean: jboss.system:service=ServiceController
10:16:58,477 DEBUG [Server] Created system XMBean: jboss.system:service=MainDeployer
10:16:58,477 DEBUG [ServiceController] Creating service jboss.system:service=MainDeployer
10:16:58,482 DEBUG [MainDeployer] Creating jboss.system:service=MainDeployer
10:16:58,492 DEBUG [Files] Failed to delete dir: /home/linux/Dokumente/Software Maintaince and Evolution/jboss-4.2.3.GA/server/default/tmp/deploy
10:16:58,493 DEBUG [MainDeployer] Created jboss.system:service=MainDeployer
10:16:58,493 DEBUG [ServiceController] Creating dependent components for: jboss.system:service=MainDeployer dependents are: []
10:16:58,493 DEBUG [ServiceController] starting service jboss.system:service=MainDeployer
10:16:58,493 DEBUG [MainDeployer] Starting jboss.system:service=MainDeployer
10:16:58,493 DEBUG [MainDeployer] Started jboss.system:service=MainDeployer
10:16:58,493 DEBUG [ServiceController] Starting dependent components for: jboss.system:service=MainDeployer dependent components: []
10:16:58,494 DEBUG [Server] Shutdown hook added
10:16:58,526 DEBUG [Server] Created system XMBean: jboss.system:service=JARDeployer
10:16:58,526 DEBUG [ServiceController] Creating service jboss.system:service=JARDeployer
10:16:58,527 DEBUG [JARDeployer] Creating jboss.system:service=JARDeployer
10:16:58,538 DEBUG [JARDeployer] Created jboss.system:service=JARDeployer
10:16:58,538 DEBUG [ServiceController] Creating dependent components for: jboss.system:service=JARDeployer dependents are: []
10:16:58,538 DEBUG [ServiceController] starting service jboss.system:service=JARDeployer
10:16:58,539 DEBUG [JARDeployer] Starting jboss.system:service=JARDeployer
10:16:58,539 DEBUG [MainDeployer] Adding deployer: org.jboss.deployment.JARDeployer@7e11080f
10:16:58,539 DEBUG [SuffixOrderHelper] Static suffix exists; ignoring request for adding enhanced suffix: 700:.jar
10:16:58,539 DEBUG [JARDeployer] Started jboss.system:service=JARDeployer
10:16:58,540 DEBUG [ServiceController] Starting dependent components for: jboss.system:service=JARDeployer dependent components: []
10:16:58,560 DEBUG [Server] Created system XMBean: jboss.system:service=ServiceDeployer
10:16:58,561 DEBUG [ServiceController] Creating service jboss.system:service=ServiceDeployer
10:16:58,561 DEBUG [SARDeployer] Creating jboss.system:service=ServiceDeployer
10:16:58,568 DEBUG [SARDeployer] Created jboss.system:service=ServiceDeployer
10:16:58,568 DEBUG [ServiceController] Creating dependent components for: jboss.system:service=ServiceDeployer dependents are: []
10:16:58,568 DEBUG [ServiceController] starting service jboss.system:service=ServiceDeployer
10:16:58,568 DEBUG [SARDeployer] Starting jboss.system:service=ServiceDeployer
10:16:58,568 DEBUG [MainDeployer] Adding deployer: org.jboss.deployment.SARDeployer@39b1709e
10:16:58,573 DEBUG [SARDeployer] Started jboss.system:service=ServiceDeployer
10:16:58,573 DEBUG [ServiceController] Starting dependent components for: jboss.system:service=ServiceDeployer dependent components: []
10:16:58,573 INFO  [Server] Core system initialized
10:16:58,580 DEBUG [MainDeployer] Starting deployment of package: file:/home/linux/Dokumente/Software Maintaince and Evolution/jboss-4.2.3.GA/server/default/conf/jboss-service.xml
10:16:58,580 DEBUG [MainDeployer] Starting deployment (init step) of package at: file:/home/linux/Dokumente/Software Maintaince and Evolution/jboss-4.2.3.GA/server/default/conf/jboss-service.xml
10:16:58,586 DEBUG [MainDeployer] Copying file:/home/linux/Dokumente/Software Maintaince and Evolution/jboss-4.2.3.GA/server/default/conf/jboss-service.xml -> /home/linux/Dokumente/Software Maintaince and Evolution/jboss-4.2.3.GA/server/default/tmp/deploy/tmp7001551362655694143jboss-service.xml
10:16:58,587 DEBUG [MainDeployer] using deployer org.jboss.deployment.SARDeployer@39b1709e
10:16:58,604 DEBUG [SARDeployer] Found classpath element: [classpath: null]
10:16:58,606 DEBUG [SARDeployer] codebase URL is file:/home/linux/Dokumente/Software Maintaince and Evolution/jboss-4.2.3.GA/server/default/lib/
10:16:58,606 DEBUG [SARDeployer] listing codebase for archives matching *
10:16:58,608 DEBUG [SARDeployer] URLLister class is org.jboss.net.protocol.file.FileURLLister
10:16:58,610 DEBUG [SARDeployer] deployed classes for file:/home/linux/Dokumente/Software Maintaince and Evolution/jboss-4.2.3.GA/server/default/lib/ejb3-persistence.jar
10:16:58,610 DEBUG [SARDeployer] deployed classes for file:/home/linux/Dokumente/Software Maintaince and Evolution/jboss-4.2.3.GA/server/default/lib/jboss-saaj.jar
10:16:58,610 DEBUG [SARDeployer] deployed classes for file:/home/linux/Dokumente/Software Maintaince and Evolution/jboss-4.2.3.GA/server/default/lib/javassist.jar
10:16:58,610 DEBUG [SARDeployer] deployed classes for file:/home/linux/Dokumente/Software Maintaince and Evolution/jboss-4.2.3.GA/server/default/lib/log4j.jar
10:16:58,610 DEBUG [SARDeployer] deployed classes for file:/home/linux/Dokumente/Software Maintaince and Evolution/jboss-4.2.3.GA/server/default/lib/servlet-api.jar
10:16:58,610 DEBUG [SARDeployer] deployed classes for file:/home/linux/Dokumente/Software Maintaince and Evolution/jboss-4.2.3.GA/server/default/lib/commons-codec.jar
10:16:58,610 DEBUG [SARDeployer] deployed classes for file:/home/linux/Dokumente/Software Maintaince and Evolution/jboss-4.2.3.GA/server/default/lib/jnpserver.jar
10:16:58,610 DEBUG [SARDeployer] deployed classes for file:/home/linux/Dokumente/Software Maintaince and Evolution/jboss-4.2.3.GA/server/default/lib/el-api.jar
10:16:58,610 DEBUG [SARDeployer] deployed classes for file:/home/linux/Dokumente/Software Maintaince and Evolution/jboss-4.2.3.GA/server/default/lib/jboss-jaxws.jar
10:16:58,610 DEBUG [SARDeployer] deployed classes for file:/home/linux/Dokumente/Software Maintaince and Evolution/jboss-4.2.3.GA/server/default/lib/jboss-j2ee.jar
10:16:58,610 DEBUG [SARDeployer] deployed classes for file:/home/linux/Dokumente/Software Maintaince and Evolution/jboss-4.2.3.GA/server/default/lib/hibernate-annotations.jar
10:16:58,610 DEBUG [SARDeployer] deployed classes for file:/home/linux/Dokumente/Software Maintaince and Evolution/jboss-4.2.3.GA/server/default/lib/bsh-deployer.jar
10:16:58,610 DEBUG [SARDeployer] deployed classes for file:/home/linux/Dokumente/Software Maintaince and Evolution/jboss-4.2.3.GA/server/default/lib/jboss-vfs.jar
10:16:58,610 DEBUG [SARDeployer] deployed classes for file:/home/linux/Dokumente/Software Maintaince and Evolution/jboss-4.2.3.GA/server/default/lib/jbosssx.jar
10:16:58,610 DEBUG [SARDeployer] deployed classes for file:/home/linux/Dokumente/Software Maintaince and Evolution/jboss-4.2.3.GA/server/default/lib/hsqldb.jar
10:16:58,611 DEBUG [SARDeployer] deployed classes for file:/home/linux/Dokumente/Software Maintaince and Evolution/jboss-4.2.3.GA/server/default/lib/jbossmq.jar
10:16:58,611 DEBUG [SARDeployer] deployed classes for file:/home/linux/Dokumente/Software Maintaince and Evolution/jboss-4.2.3.GA/server/default/lib/properties-plugin.jar
10:16:58,611 DEBUG [SARDeployer] deployed classes for file:/home/linux/Dokumente/Software Maintaince and Evolution/jboss-4.2.3.GA/server/default/lib/joesnmp.jar
10:16:58,611 DEBUG [SARDeployer] deployed classes for file:/home/linux/Dokumente/Software Maintaince and Evolution/jboss-4.2.3.GA/server/default/lib/commons-httpclient.jar
10:16:58,611 DEBUG [SARDeployer] deployed classes for file:/home/linux/Dokumente/Software Maintaince and Evolution/jboss-4.2.3.GA/server/default/lib/jbossws-jboss42.jar
10:16:58,611 DEBUG [SARDeployer] deployed classes for file:/home/linux/Dokumente/Software Maintaince and Evolution/jboss-4.2.3.GA/server/default/lib/jboss-hibernate.jar
10:16:58,611 DEBUG [SARDeployer] deployed classes for file:/home/linux/Dokumente/Software Maintaince and Evolution/jboss-4.2.3.GA/server/default/lib/jboss-serialization.jar
10:16:58,611 DEBUG [SARDeployer] deployed classes for file:/home/linux/Dokumente/Software Maintaince and Evolution/jboss-4.2.3.GA/server/default/lib/jbossws-spi.jar
10:16:58,611 DEBUG [SARDeployer] deployed classes for file:/home/linux/Dokumente/Software Maintaince and Evolution/jboss-4.2.3.GA/server/default/lib/bsh.jar
10:16:58,611 DEBUG [SARDeployer] deployed classes for file:/home/linux/Dokumente/Software Maintaince and Evolution/jboss-4.2.3.GA/server/default/lib/jboss-iiop.jar
10:16:58,611 DEBUG [SARDeployer] deployed classes for file:/home/linux/Dokumente/Software Maintaince and Evolution/jboss-4.2.3.GA/server/default/lib/mail-plugin.jar
10:16:58,611 DEBUG [SARDeployer] deployed classes for file:/home/linux/Dokumente/Software Maintaince and Evolution/jboss-4.2.3.GA/server/default/lib/scheduler-plugin-example.jar
10:16:58,611 DEBUG [SARDeployer] deployed classes for file:/home/linux/Dokumente/Software Maintaince and Evolution/jboss-4.2.3.GA/server/default/lib/jboss-srp.jar
10:16:58,611 DEBUG [SARDeployer] deployed classes for file:/home/linux/Dokumente/Software Maintaince and Evolution/jboss-4.2.3.GA/server/default/lib/hibernate3.jar
10:16:58,611 DEBUG [SARDeployer] deployed classes for file:/home/linux/Dokumente/Software Maintaince and Evolution/jboss-4.2.3.GA/server/default/lib/jboss-transaction.jar
10:16:58,611 DEBUG [SARDeployer] deployed classes for file:/home/linux/Dokumente/Software Maintaince and Evolution/jboss-4.2.3.GA/server/default/lib/hibernate-entitymanager.jar
10:16:58,611 DEBUG [SARDeployer] deployed classes for file:/home/linux/Dokumente/Software Maintaince and Evolution/jboss-4.2.3.GA/server/default/lib/antlr.jar
10:16:58,611 DEBUG [SARDeployer] deployed classes for file:/home/linux/Dokumente/Software Maintaince and Evolution/jboss-4.2.3.GA/server/default/lib/jsp-api.jar
10:16:58,611 DEBUG [SARDeployer] deployed classes for file:/home/linux/Dokumente/Software Maintaince and Evolution/jboss-4.2.3.GA/server/default/lib/jboss-jca.jar
10:16:58,611 DEBUG [SARDeployer] deployed classes for file:/home/linux/Dokumente/Software Maintaince and Evolution/jboss-4.2.3.GA/server/default/lib/jbossjta-integration.jar
10:16:58,611 DEBUG [SARDeployer] deployed classes for file:/home/linux/Dokumente/Software Maintaince and Evolution/jboss-4.2.3.GA/server/default/lib/jboss-jaxws-ext.jar
10:16:58,611 DEBUG [SARDeployer] deployed classes for file:/home/linux/Dokumente/Software Maintaince and Evolution/jboss-4.2.3.GA/server/default/lib/hsqldb-plugin.jar
10:16:58,611 DEBUG [SARDeployer] deployed classes for file:/home/linux/Dokumente/Software Maintaince and Evolution/jboss-4.2.3.GA/server/default/lib/jboss-jaxrpc.jar
10:16:58,611 DEBUG [SARDeployer] deployed classes for file:/home/linux/Dokumente/Software Maintaince and Evolution/jboss-4.2.3.GA/server/default/lib/mail.jar
10:16:58,611 DEBUG [SARDeployer] deployed classes for file:/home/linux/Dokumente/Software Maintaince and Evolution/jboss-4.2.3.GA/server/default/lib/bsf.jar
10:16:58,611 DEBUG [SARDeployer] deployed classes for file:/home/linux/Dokumente/Software Maintaince and Evolution/jboss-4.2.3.GA/server/default/lib/jboss-remoting.jar
10:16:58,611 DEBUG [SARDeployer] deployed classes for file:/home/linux/Dokumente/Software Maintaince and Evolution/jboss-4.2.3.GA/server/default/lib/jboss-ejb3x.jar
10:16:58,611 DEBUG [SARDeployer] deployed classes for file:/home/linux/Dokumente/Software Maintaince and Evolution/jboss-4.2.3.GA/server/default/lib/jboss-management.jar
10:16:58,611 DEBUG [SARDeployer] deployed classes for file:/home/linux/Dokumente/Software Maintaince and Evolution/jboss-4.2.3.GA/server/default/lib/scheduler-plugin.jar
10:16:58,611 DEBUG [SARDeployer] deployed classes for file:/home/linux/Dokumente/Software Maintaince and Evolution/jboss-4.2.3.GA/server/default/lib/commons-logging.jar
10:16:58,611 DEBUG [SARDeployer] deployed classes for file:/home/linux/Dokumente/Software Maintaince and Evolution/jboss-4.2.3.GA/server/default/lib/jmx-adaptor-plugin.jar
10:16:58,611 DEBUG [SARDeployer] deployed classes for file:/home/linux/Dokumente/Software Maintaince and Evolution/jboss-4.2.3.GA/server/default/lib/bcel.jar
10:16:58,611 DEBUG [SARDeployer] deployed classes for file:/home/linux/Dokumente/Software Maintaince and Evolution/jboss-4.2.3.GA/server/default/lib/jbossws-common.jar
10:16:58,611 DEBUG [SARDeployer] deployed classes for file:/home/linux/Dokumente/Software Maintaince and Evolution/jboss-4.2.3.GA/server/default/lib/jbossjta.jar
10:16:58,611 DEBUG [SARDeployer] deployed classes for file:/home/linux/Dokumente/Software Maintaince and Evolution/jboss-4.2.3.GA/server/default/lib/jboss-jsr77.jar
10:16:58,611 DEBUG [SARDeployer] deployed classes for file:/home/linux/Dokumente/Software Maintaince and Evolution/jboss-4.2.3.GA/server/default/lib/quartz.jar
10:16:58,611 DEBUG [SARDeployer] deployed classes for file:/home/linux/Dokumente/Software Maintaince and Evolution/jboss-4.2.3.GA/server/default/lib/activation.jar
10:16:58,611 DEBUG [SARDeployer] deployed classes for file:/home/linux/Dokumente/Software Maintaince and Evolution/jboss-4.2.3.GA/server/default/lib/jbossts-common.jar
10:16:58,611 DEBUG [SARDeployer] deployed classes for file:/home/linux/Dokumente/Software Maintaince and Evolution/jboss-4.2.3.GA/server/default/lib/jboss-common-jdbc-wrapper.jar
10:16:58,612 DEBUG [SARDeployer] deployed classes for file:/home/linux/Dokumente/Software Maintaince and Evolution/jboss-4.2.3.GA/server/default/lib/log4j-snmp-appender.jar
10:16:58,612 DEBUG [SARDeployer] deployed classes for file:/home/linux/Dokumente/Software Maintaince and Evolution/jboss-4.2.3.GA/server/default/lib/jbossws-framework.jar
10:16:58,612 DEBUG [SARDeployer] deployed classes for file:/home/linux/Dokumente/Software Maintaince and Evolution/jboss-4.2.3.GA/server/default/lib/bindingservice-plugin.jar
10:16:58,612 DEBUG [SARDeployer] deployed classes for file:/home/linux/Dokumente/Software Maintaince and Evolution/jboss-4.2.3.GA/server/default/lib/dom4j.jar
10:16:58,612 DEBUG [SARDeployer] deployed classes for file:/home/linux/Dokumente/Software Maintaince and Evolution/jboss-4.2.3.GA/server/default/lib/commons-collections.jar
10:16:58,612 DEBUG [SARDeployer] deployed classes for file:/home/linux/Dokumente/Software Maintaince and Evolution/jboss-4.2.3.GA/server/default/lib/jaxen.jar
10:16:58,612 DEBUG [SARDeployer] deployed classes for file:/home/linux/Dokumente/Software Maintaince and Evolution/jboss-4.2.3.GA/server/default/lib/jboss-remoting-int.jar
10:16:58,612 DEBUG [SARDeployer] deployed classes for file:/home/linux/Dokumente/Software Maintaince and Evolution/jboss-4.2.3.GA/server/default/lib/autonumber-plugin.jar
10:16:58,612 DEBUG [SARDeployer] deployed classes for file:/home/linux/Dokumente/Software Maintaince and Evolution/jboss-4.2.3.GA/server/default/lib/xmlentitymgr.jar
10:16:58,612 DEBUG [SARDeployer] deployed classes for file:/home/linux/Dokumente/Software Maintaince and Evolution/jboss-4.2.3.GA/server/default/lib/jboss.jar
10:16:58,612 DEBUG [SARDeployer] deployed classes for file:/home/linux/Dokumente/Software Maintaince and Evolution/jboss-4.2.3.GA/server/default/lib/cglib.jar
10:16:58,612 DEBUG [SARDeployer] deployed classes for file:/home/linux/Dokumente/Software Maintaince and Evolution/jboss-4.2.3.GA/server/default/lib/jboss-jsr88.jar
10:16:58,612 DEBUG [SARDeployer] deployed classes for file:/home/linux/Dokumente/Software Maintaince and Evolution/jboss-4.2.3.GA/server/default/lib/jboss-monitoring.jar
10:16:58,612 DEBUG [SARDeployer] about to copy 0 local directories
10:16:58,612 DEBUG [SARDeployer] looking for nested deployments in : file:/home/linux/Dokumente/Software Maintaince and Evolution/jboss-4.2.3.GA/server/default/conf/jboss-service.xml
10:16:58,613 DEBUG [DeploymentInfo] createLoaderRepository from config: LoaderRepositoryConfig(repositoryName: JMImplementation:service=LoaderRepository,name=Default, repositoryClassName: null, configParserClassName: null, repositoryConfig: null)
10:16:58,614 DEBUG [RepositoryClassLoader] setRepository, repository=org.jboss.mx.loading.UnifiedLoaderRepository3@6ea4ce0d, cl=org.jboss.mx.loading.UnifiedClassLoader3@763caf2d{ url=null ,addedOrder=0}
10:16:58,614 DEBUG [RepositoryClassLoader] setRepository, repository=org.jboss.mx.loading.UnifiedLoaderRepository3@6ea4ce0d, cl=org.jboss.mx.loading.UnifiedClassLoader3@763caf2d{ url=null ,addedOrder=0}
10:16:58,614 DEBUG [UnifiedLoaderRepository3] Adding org.jboss.mx.loading.UnifiedClassLoader3@763caf2d{ url=null ,addedOrder=0}
10:16:58,617 DEBUG [RepositoryClassLoader] Added url: file:/home/linux/Dokumente/Software Maintaince and Evolution/jboss-4.2.3.GA/server/default/lib/ejb3-persistence.jar, to ucl: org.jboss.mx.loading.UnifiedClassLoader3@763caf2d{ url=null ,addedOrder=2}
10:16:58,618 DEBUG [RepositoryClassLoader] Added url: file:/home/linux/Dokumente/Software Maintaince and Evolution/jboss-4.2.3.GA/server/default/lib/jboss-saaj.jar, to ucl: org.jboss.mx.loading.UnifiedClassLoader3@763caf2d{ url=null ,addedOrder=2}
10:16:58,641 DEBUG [RepositoryClassLoader] Added url: file:/home/linux/Dokumente/Software Maintaince and Evolution/jboss-4.2.3.GA/server/default/lib/javassist.jar, to ucl: org.jboss.mx.loading.UnifiedClassLoader3@763caf2d{ url=null ,addedOrder=2}
10:16:58,655 DEBUG [RepositoryClassLoader] Added url: file:/home/linux/Dokumente/Software Maintaince and Evolution/jboss-4.2.3.GA/server/default/lib/log4j.jar, to ucl: org.jboss.mx.loading.UnifiedClassLoader3@763caf2d{ url=null ,addedOrder=2}
10:16:58,659 DEBUG [RepositoryClassLoader] Added url: file:/home/linux/Dokumente/Software Maintaince and Evolution/jboss-4.2.3.GA/server/default/lib/servlet-api.jar, to ucl: org.jboss.mx.loading.UnifiedClassLoader3@763caf2d{ url=null ,addedOrder=2}
10:16:58,661 DEBUG [RepositoryClassLoader] Added url: file:/home/linux/Dokumente/Software Maintaince and Evolution/jboss-4.2.3.GA/server/default/lib/commons-codec.jar, to ucl: org.jboss.mx.loading.UnifiedClassLoader3@763caf2d{ url=null ,addedOrder=2}
10:16:58,663 DEBUG [RepositoryClassLoader] Added url: file:/home/linux/Dokumente/Software Maintaince and Evolution/jboss-4.2.3.GA/server/default/lib/jnpserver.jar, to ucl: org.jboss.mx.loading.UnifiedClassLoader3@763caf2d{ url=null ,addedOrder=2}
10:16:58,664 DEBUG [RepositoryClassLoader] Added url: file:/home/linux/Dokumente/Software Maintaince and Evolution/jboss-4.2.3.GA/server/default/lib/el-api.jar, to ucl: org.jboss.mx.loading.UnifiedClassLoader3@763caf2d{ url=null ,addedOrder=2}
10:16:58,666 DEBUG [RepositoryClassLoader] Added url: file:/home/linux/Dokumente/Software Maintaince and Evolution/jboss-4.2.3.GA/server/default/lib/jboss-jaxws.jar, to ucl: org.jboss.mx.loading.UnifiedClassLoader3@763caf2d{ url=null ,addedOrder=2}
10:16:58,682 DEBUG [RepositoryClassLoader] Added url: file:/home/linux/Dokumente/Software Maintaince and Evolution/jboss-4.2.3.GA/server/default/lib/jboss-j2ee.jar, to ucl: org.jboss.mx.loading.UnifiedClassLoader3@763caf2d{ url=null ,addedOrder=2}
10:16:58,697 DEBUG [RepositoryClassLoader] Added url: file:/home/linux/Dokumente/Software Maintaince and Evolution/jboss-4.2.3.GA/server/default/lib/hibernate-annotations.jar, to ucl: org.jboss.mx.loading.UnifiedClassLoader3@763caf2d{ url=null ,addedOrder=2}
10:16:58,698 DEBUG [RepositoryClassLoader] Added url: file:/home/linux/Dokumente/Software Maintaince and Evolution/jboss-4.2.3.GA/server/default/lib/bsh-deployer.jar, to ucl: org.jboss.mx.loading.UnifiedClassLoader3@763caf2d{ url=null ,addedOrder=2}
10:16:58,702 DEBUG [RepositoryClassLoader] Added url: file:/home/linux/Dokumente/Software Maintaince and Evolution/jboss-4.2.3.GA/server/default/lib/jboss-vfs.jar, to ucl: org.jboss.mx.loading.UnifiedClassLoader3@763caf2d{ url=null ,addedOrder=2}
10:16:58,711 DEBUG [RepositoryClassLoader] Added url: file:/home/linux/Dokumente/Software Maintaince and Evolution/jboss-4.2.3.GA/server/default/lib/jbosssx.jar, to ucl: org.jboss.mx.loading.UnifiedClassLoader3@763caf2d{ url=null ,addedOrder=2}
10:16:58,711 DEBUG [ClassLoaderUtils] Multiple class loaders found for pkg: 
10:16:58,729 DEBUG [RepositoryClassLoader] Added url: file:/home/linux/Dokumente/Software Maintaince and Evolution/jboss-4.2.3.GA/server/default/lib/hsqldb.jar, to ucl: org.jboss.mx.loading.UnifiedClassLoader3@763caf2d{ url=null ,addedOrder=2}
10:16:58,744 DEBUG [RepositoryClassLoader] Added url: file:/home/linux/Dokumente/Software Maintaince and Evolution/jboss-4.2.3.GA/server/default/lib/jbossmq.jar, to ucl: org.jboss.mx.loading.UnifiedClassLoader3@763caf2d{ url=null ,addedOrder=2}
10:16:58,744 DEBUG [RepositoryClassLoader] Added url: file:/home/linux/Dokumente/Software Maintaince and Evolution/jboss-4.2.3.GA/server/default/lib/properties-plugin.jar, to ucl: org.jboss.mx.loading.UnifiedClassLoader3@763caf2d{ url=null ,addedOrder=2}
10:16:58,747 DEBUG [RepositoryClassLoader] Added url: file:/home/linux/Dokumente/Software Maintaince and Evolution/jboss-4.2.3.GA/server/default/lib/joesnmp.jar, to ucl: org.jboss.mx.loading.UnifiedClassLoader3@763caf2d{ url=null ,addedOrder=2}
10:16:58,753 DEBUG [RepositoryClassLoader] Added url: file:/home/linux/Dokumente/Software Maintaince and Evolution/jboss-4.2.3.GA/server/default/lib/commons-httpclient.jar, to ucl: org.jboss.mx.loading.UnifiedClassLoader3@763caf2d{ url=null ,addedOrder=2}
10:16:58,756 DEBUG [RepositoryClassLoader] Added url: file:/home/linux/Dokumente/Software Maintaince and Evolution/jboss-4.2.3.GA/server/default/lib/jbossws-jboss42.jar, to ucl: org.jboss.mx.loading.UnifiedClassLoader3@763caf2d{ url=null ,addedOrder=2}
10:16:58,756 DEBUG [RepositoryClassLoader] Added url: file:/home/linux/Dokumente/Software Maintaince and Evolution/jboss-4.2.3.GA/server/default/lib/jboss-hibernate.jar, to ucl: org.jboss.mx.loading.UnifiedClassLoader3@763caf2d{ url=null ,addedOrder=2}
10:16:58,760 DEBUG [RepositoryClassLoader] Added url: file:/home/linux/Dokumente/Software Maintaince and Evolution/jboss-4.2.3.GA/server/default/lib/jboss-serialization.jar, to ucl: org.jboss.mx.loading.UnifiedClassLoader3@763caf2d{ url=null ,addedOrder=2}
10:16:58,764 DEBUG [RepositoryClassLoader] Added url: file:/home/linux/Dokumente/Software Maintaince and Evolution/jboss-4.2.3.GA/server/default/lib/jbossws-spi.jar, to ucl: org.jboss.mx.loading.UnifiedClassLoader3@763caf2d{ url=null ,addedOrder=2}
10:16:58,770 DEBUG [RepositoryClassLoader] Added url: file:/home/linux/Dokumente/Software Maintaince and Evolution/jboss-4.2.3.GA/server/default/lib/bsh.jar, to ucl: org.jboss.mx.loading.UnifiedClassLoader3@763caf2d{ url=null ,addedOrder=2}
10:16:58,780 DEBUG [RepositoryClassLoader] Added url: file:/home/linux/Dokumente/Software Maintaince and Evolution/jboss-4.2.3.GA/server/default/lib/jboss-iiop.jar, to ucl: org.jboss.mx.loading.UnifiedClassLoader3@763caf2d{ url=null ,addedOrder=2}
10:16:58,780 DEBUG [RepositoryClassLoader] Added url: file:/home/linux/Dokumente/Software Maintaince and Evolution/jboss-4.2.3.GA/server/default/lib/mail-plugin.jar, to ucl: org.jboss.mx.loading.UnifiedClassLoader3@763caf2d{ url=null ,addedOrder=2}
10:16:58,781 DEBUG [RepositoryClassLoader] Added url: file:/home/linux/Dokumente/Software Maintaince and Evolution/jboss-4.2.3.GA/server/default/lib/scheduler-plugin-example.jar, to ucl: org.jboss.mx.loading.UnifiedClassLoader3@763caf2d{ url=null ,addedOrder=2}
10:16:58,782 DEBUG [RepositoryClassLoader] Added url: file:/home/linux/Dokumente/Software Maintaince and Evolution/jboss-4.2.3.GA/server/default/lib/jboss-srp.jar, to ucl: org.jboss.mx.loading.UnifiedClassLoader3@763caf2d{ url=null ,addedOrder=2}
10:16:58,840 DEBUG [RepositoryClassLoader] Added url: file:/home/linux/Dokumente/Software Maintaince and Evolution/jboss-4.2.3.GA/server/default/lib/hibernate3.jar, to ucl: org.jboss.mx.loading.UnifiedClassLoader3@763caf2d{ url=null ,addedOrder=2}
10:16:58,841 DEBUG [RepositoryClassLoader] Added url: file:/home/linux/Dokumente/Software Maintaince and Evolution/jboss-4.2.3.GA/server/default/lib/jboss-transaction.jar, to ucl: org.jboss.mx.loading.UnifiedClassLoader3@763caf2d{ url=null ,addedOrder=2}
10:16:58,845 DEBUG [RepositoryClassLoader] Added url: file:/home/linux/Dokumente/Software Maintaince and Evolution/jboss-4.2.3.GA/server/default/lib/hibernate-entitymanager.jar, to ucl: org.jboss.mx.loading.UnifiedClassLoader3@763caf2d{ url=null ,addedOrder=2}
10:16:58,854 DEBUG [RepositoryClassLoader] Added url: file:/home/linux/Dokumente/Software Maintaince and Evolution/jboss-4.2.3.GA/server/default/lib/antlr.jar, to ucl: org.jboss.mx.loading.UnifiedClassLoader3@763caf2d{ url=null ,addedOrder=2}
10:16:58,857 DEBUG [RepositoryClassLoader] Added url: file:/home/linux/Dokumente/Software Maintaince and Evolution/jboss-4.2.3.GA/server/default/lib/jsp-api.jar, to ucl: org.jboss.mx.loading.UnifiedClassLoader3@763caf2d{ url=null ,addedOrder=2}
10:16:58,863 DEBUG [RepositoryClassLoader] Added url: file:/home/linux/Dokumente/Software Maintaince and Evolution/jboss-4.2.3.GA/server/default/lib/jboss-jca.jar, to ucl: org.jboss.mx.loading.UnifiedClassLoader3@763caf2d{ url=null ,addedOrder=2}
10:16:58,864 DEBUG [RepositoryClassLoader] Added url: file:/home/linux/Dokumente/Software Maintaince and Evolution/jboss-4.2.3.GA/server/default/lib/jbossjta-integration.jar, to ucl: org.jboss.mx.loading.UnifiedClassLoader3@763caf2d{ url=null ,addedOrder=2}
10:16:58,866 DEBUG [RepositoryClassLoader] Added url: file:/home/linux/Dokumente/Software Maintaince and Evolution/jboss-4.2.3.GA/server/default/lib/jboss-jaxws-ext.jar, to ucl: org.jboss.mx.loading.UnifiedClassLoader3@763caf2d{ url=null ,addedOrder=2}
10:16:58,866 DEBUG [RepositoryClassLoader] Added url: file:/home/linux/Dokumente/Software Maintaince and Evolution/jboss-4.2.3.GA/server/default/lib/hsqldb-plugin.jar, to ucl: org.jboss.mx.loading.UnifiedClassLoader3@763caf2d{ url=null ,addedOrder=2}
10:16:58,868 DEBUG [RepositoryClassLoader] Added url: file:/home/linux/Dokumente/Software Maintaince and Evolution/jboss-4.2.3.GA/server/default/lib/jboss-jaxrpc.jar, to ucl: org.jboss.mx.loading.UnifiedClassLoader3@763caf2d{ url=null ,addedOrder=2}
10:16:58,878 DEBUG [RepositoryClassLoader] Added url: file:/home/linux/Dokumente/Software Maintaince and Evolution/jboss-4.2.3.GA/server/default/lib/mail.jar, to ucl: org.jboss.mx.loading.UnifiedClassLoader3@763caf2d{ url=null ,addedOrder=2}
10:16:58,883 DEBUG [RepositoryClassLoader] Added url: file:/home/linux/Dokumente/Software Maintaince and Evolution/jboss-4.2.3.GA/server/default/lib/bsf.jar, to ucl: org.jboss.mx.loading.UnifiedClassLoader3@763caf2d{ url=null ,addedOrder=2}
10:16:58,906 DEBUG [RepositoryClassLoader] Added url: file:/home/linux/Dokumente/Software Maintaince and Evolution/jboss-4.2.3.GA/server/default/lib/jboss-remoting.jar, to ucl: org.jboss.mx.loading.UnifiedClassLoader3@763caf2d{ url=null ,addedOrder=2}
10:16:58,907 DEBUG [RepositoryClassLoader] Added url: file:/home/linux/Dokumente/Software Maintaince and Evolution/jboss-4.2.3.GA/server/default/lib/jboss-ejb3x.jar, to ucl: org.jboss.mx.loading.UnifiedClassLoader3@763caf2d{ url=null ,addedOrder=2}
10:16:58,912 DEBUG [RepositoryClassLoader] Added url: file:/home/linux/Dokumente/Software Maintaince and Evolution/jboss-4.2.3.GA/server/default/lib/jboss-management.jar, to ucl: org.jboss.mx.loading.UnifiedClassLoader3@763caf2d{ url=null ,addedOrder=2}
10:16:58,913 DEBUG [RepositoryClassLoader] Added url: file:/home/linux/Dokumente/Software Maintaince and Evolution/jboss-4.2.3.GA/server/default/lib/scheduler-plugin.jar, to ucl: org.jboss.mx.loading.UnifiedClassLoader3@763caf2d{ url=null ,addedOrder=2}
10:16:58,915 DEBUG [RepositoryClassLoader] Added url: file:/home/linux/Dokumente/Software Maintaince and Evolution/jboss-4.2.3.GA/server/default/lib/commons-logging.jar, to ucl: org.jboss.mx.loading.UnifiedClassLoader3@763caf2d{ url=null ,addedOrder=2}
10:16:58,916 DEBUG [RepositoryClassLoader] Added url: file:/home/linux/Dokumente/Software Maintaince and Evolution/jboss-4.2.3.GA/server/default/lib/jmx-adaptor-plugin.jar, to ucl: org.jboss.mx.loading.UnifiedClassLoader3@763caf2d{ url=null ,addedOrder=2}
10:16:58,930 DEBUG [RepositoryClassLoader] Added url: file:/home/linux/Dokumente/Software Maintaince and Evolution/jboss-4.2.3.GA/server/default/lib/bcel.jar, to ucl: org.jboss.mx.loading.UnifiedClassLoader3@763caf2d{ url=null ,addedOrder=2}
10:16:58,932 DEBUG [RepositoryClassLoader] Added url: file:/home/linux/Dokumente/Software Maintaince and Evolution/jboss-4.2.3.GA/server/default/lib/jbossws-common.jar, to ucl: org.jboss.mx.loading.UnifiedClassLoader3@763caf2d{ url=null ,addedOrder=2}
10:16:58,946 DEBUG [RepositoryClassLoader] Added url: file:/home/linux/Dokumente/Software Maintaince and Evolution/jboss-4.2.3.GA/server/default/lib/jbossjta.jar, to ucl: org.jboss.mx.loading.UnifiedClassLoader3@763caf2d{ url=null ,addedOrder=2}
10:16:58,947 DEBUG [RepositoryClassLoader] Added url: file:/home/linux/Dokumente/Software Maintaince and Evolution/jboss-4.2.3.GA/server/default/lib/jboss-jsr77.jar, to ucl: org.jboss.mx.loading.UnifiedClassLoader3@763caf2d{ url=null ,addedOrder=2}
10:16:58,957 DEBUG [RepositoryClassLoader] Added url: file:/home/linux/Dokumente/Software Maintaince and Evolution/jboss-4.2.3.GA/server/default/lib/quartz.jar, to ucl: org.jboss.mx.loading.UnifiedClassLoader3@763caf2d{ url=null ,addedOrder=2}
10:16:58,958 DEBUG [RepositoryClassLoader] Added url: file:/home/linux/Dokumente/Software Maintaince and Evolution/jboss-4.2.3.GA/server/default/lib/activation.jar, to ucl: org.jboss.mx.loading.UnifiedClassLoader3@763caf2d{ url=null ,addedOrder=2}
10:16:58,960 DEBUG [RepositoryClassLoader] Added url: file:/home/linux/Dokumente/Software Maintaince and Evolution/jboss-4.2.3.GA/server/default/lib/jbossts-common.jar, to ucl: org.jboss.mx.loading.UnifiedClassLoader3@763caf2d{ url=null ,addedOrder=2}
10:16:58,963 DEBUG [RepositoryClassLoader] Added url: file:/home/linux/Dokumente/Software Maintaince and Evolution/jboss-4.2.3.GA/server/default/lib/jboss-common-jdbc-wrapper.jar, to ucl: org.jboss.mx.loading.UnifiedClassLoader3@763caf2d{ url=null ,addedOrder=2}
10:16:58,964 DEBUG [RepositoryClassLoader] Added url: file:/home/linux/Dokumente/Software Maintaince and Evolution/jboss-4.2.3.GA/server/default/lib/log4j-snmp-appender.jar, to ucl: org.jboss.mx.loading.UnifiedClassLoader3@763caf2d{ url=null ,addedOrder=2}
10:16:58,966 DEBUG [RepositoryClassLoader] Added url: file:/home/linux/Dokumente/Software Maintaince and Evolution/jboss-4.2.3.GA/server/default/lib/jbossws-framework.jar, to ucl: org.jboss.mx.loading.UnifiedClassLoader3@763caf2d{ url=null ,addedOrder=2}
10:16:58,967 DEBUG [RepositoryClassLoader] Added url: file:/home/linux/Dokumente/Software Maintaince and Evolution/jboss-4.2.3.GA/server/default/lib/bindingservice-plugin.jar, to ucl: org.jboss.mx.loading.UnifiedClassLoader3@763caf2d{ url=null ,addedOrder=2}
10:16:58,975 DEBUG [RepositoryClassLoader] Added url: file:/home/linux/Dokumente/Software Maintaince and Evolution/jboss-4.2.3.GA/server/default/lib/dom4j.jar, to ucl: org.jboss.mx.loading.UnifiedClassLoader3@763caf2d{ url=null ,addedOrder=2}
10:16:58,990 DEBUG [RepositoryClassLoader] Added url: file:/home/linux/Dokumente/Software Maintaince and Evolution/jboss-4.2.3.GA/server/default/lib/commons-collections.jar, to ucl: org.jboss.mx.loading.UnifiedClassLoader3@763caf2d{ url=null ,addedOrder=2}
10:16:58,997 DEBUG [RepositoryClassLoader] Added url: file:/home/linux/Dokumente/Software Maintaince and Evolution/jboss-4.2.3.GA/server/default/lib/jaxen.jar, to ucl: org.jboss.mx.loading.UnifiedClassLoader3@763caf2d{ url=null ,addedOrder=2}
10:16:58,997 DEBUG [RepositoryClassLoader] Added url: file:/home/linux/Dokumente/Software Maintaince and Evolution/jboss-4.2.3.GA/server/default/lib/jboss-remoting-int.jar, to ucl: org.jboss.mx.loading.UnifiedClassLoader3@763caf2d{ url=null ,addedOrder=2}
10:16:58,998 DEBUG [RepositoryClassLoader] Added url: file:/home/linux/Dokumente/Software Maintaince and Evolution/jboss-4.2.3.GA/server/default/lib/autonumber-plugin.jar, to ucl: org.jboss.mx.loading.UnifiedClassLoader3@763caf2d{ url=null ,addedOrder=2}
10:16:58,998 DEBUG [RepositoryClassLoader] Added url: file:/home/linux/Dokumente/Software Maintaince and Evolution/jboss-4.2.3.GA/server/default/lib/xmlentitymgr.jar, to ucl: org.jboss.mx.loading.UnifiedClassLoader3@763caf2d{ url=null ,addedOrder=2}
10:16:59,047 DEBUG [RepositoryClassLoader] Added url: file:/home/linux/Dokumente/Software Maintaince and Evolution/jboss-4.2.3.GA/server/default/lib/jboss.jar, to ucl: org.jboss.mx.loading.UnifiedClassLoader3@763caf2d{ url=null ,addedOrder=2}
10:16:59,054 DEBUG [RepositoryClassLoader] Added url: file:/home/linux/Dokumente/Software Maintaince and Evolution/jboss-4.2.3.GA/server/default/lib/cglib.jar, to ucl: org.jboss.mx.loading.UnifiedClassLoader3@763caf2d{ url=null ,addedOrder=2}
10:16:59,056 DEBUG [RepositoryClassLoader] Added url: file:/home/linux/Dokumente/Software Maintaince and Evolution/jboss-4.2.3.GA/server/default/lib/jboss-jsr88.jar, to ucl: org.jboss.mx.loading.UnifiedClassLoader3@763caf2d{ url=null ,addedOrder=2}
10:16:59,057 DEBUG [RepositoryClassLoader] Added url: file:/home/linux/Dokumente/Software Maintaince and Evolution/jboss-4.2.3.GA/server/default/lib/jboss-monitoring.jar, to ucl: org.jboss.mx.loading.UnifiedClassLoader3@763caf2d{ url=null ,addedOrder=2}
10:16:59,057 DEBUG [MainDeployer] found 0 subpackages of file:/home/linux/Dokumente/Software Maintaince and Evolution/jboss-4.2.3.GA/server/default/conf/jboss-service.xml
10:16:59,058 DEBUG [MainDeployer] Watching new file: file:/home/linux/Dokumente/Software Maintaince and Evolution/jboss-4.2.3.GA/server/default/conf/jboss-service.xml
10:16:59,058 DEBUG [MainDeployer] create step for deployment file:/home/linux/Dokumente/Software Maintaince and Evolution/jboss-4.2.3.GA/server/default/conf/jboss-service.xml
10:16:59,058 DEBUG [SARDeployer] Deploying SAR, create step: url file:/home/linux/Dokumente/Software Maintaince and Evolution/jboss-4.2.3.GA/server/default/conf/jboss-service.xml
10:16:59,058 DEBUG [SARDeployer] Registering service UCL=jmx.loading:UCL=763caf2d
10:16:59,060 DEBUG [ServiceCreator] About to create bean: jboss.management.local:j2eeType=J2EEDomain,name=Manager with code: org.jboss.management.j2ee.LocalJBossServerDomain
10:16:59,093 DEBUG [ServiceCreator] Created bean: jboss.management.local:j2eeType=J2EEDomain,name=Manager
10:16:59,095 DEBUG [ServiceConfigurator] MainDeployer set to jboss.system:service=MainDeployer in jboss.management.local:j2eeType=J2EEDomain,name=Manager
10:16:59,095 DEBUG [ServiceConfigurator] SARDeployer set to jboss.system:service=ServiceDeployer in jboss.management.local:j2eeType=J2EEDomain,name=Manager
10:16:59,096 DEBUG [ServiceConfigurator] EARDeployer set to jboss.j2ee:service=EARDeployer in jboss.management.local:j2eeType=J2EEDomain,name=Manager
10:16:59,096 DEBUG [ServiceConfigurator] EJBDeployer set to jboss.ejb:service=EJBDeployer in jboss.management.local:j2eeType=J2EEDomain,name=Manager
10:16:59,096 DEBUG [ServiceConfigurator] RARDeployer set to jboss.jca:service=RARDeployer in jboss.management.local:j2eeType=J2EEDomain,name=Manager
10:16:59,097 DEBUG [ServiceConfigurator] CMDeployer set to jboss.jca:service=ConnectionFactoryDeployer in jboss.management.local:j2eeType=J2EEDomain,name=Manager
10:16:59,097 DEBUG [ServiceConfigurator] WARDeployer set to jboss.web:service=WebServer in jboss.management.local:j2eeType=J2EEDomain,name=Manager
10:16:59,098 DEBUG [ServiceConfigurator] CARDeployer set to jboss.j2ee:service=ClientDeployer in jboss.management.local:j2eeType=J2EEDomain,name=Manager
10:16:59,098 DEBUG [ServiceConfigurator] MailService set to jboss:service=Mail in jboss.management.local:j2eeType=J2EEDomain,name=Manager
10:16:59,098 DEBUG [ServiceConfigurator] JMSService set to jboss.mq:service=DestinationManager in jboss.management.local:j2eeType=J2EEDomain,name=Manager
10:16:59,099 DEBUG [ServiceConfigurator] JNDIService set to jboss:service=Naming in jboss.management.local:j2eeType=J2EEDomain,name=Manager
10:16:59,099 DEBUG [ServiceConfigurator] JTAService set to jboss:service=TransactionManager in jboss.management.local:j2eeType=J2EEDomain,name=Manager
10:16:59,100 DEBUG [ServiceConfigurator] UserTransactionService set to jboss:service=ClientUserTransaction in jboss.management.local:j2eeType=J2EEDomain,name=Manager
10:16:59,100 DEBUG [ServiceConfigurator] RMI_IIOPService set to jboss:service=CorbaORB in jboss.management.local:j2eeType=J2EEDomain,name=Manager
10:16:59,100 DEBUG [ServiceCreator] About to create xmbean object: jboss:service=AttributePersistenceService with code: org.jboss.system.pm.AttributePersistenceService with descriptor: resource:xmdesc/AttributePersistenceService-xmbean.xml
10:16:59,114 DEBUG [ModelMBeanInvoker] Loaded persistence mgr: org.jboss.mx.persistence.ObjectStreamPersistenceManager
10:16:59,114 DEBUG [ObjectStreamPersistenceManager] load, resource:org.jboss.system.pm.AttributePersistenceService@13447e90
10:16:59,114 DEBUG [ObjectStreamPersistenceManager] Store file is: /home/linux/Dokumente/Software Maintaince and Evolution/jboss-4.2.3.GA/server/default/data/xmbean-attrs/AttributePersistenceService.ser
10:16:59,114 DEBUG [ServiceCreator] Created bean: jboss:service=AttributePersistenceService
10:16:59,114 DEBUG [ServiceCreator] About to create bean: jboss.system:service=ThreadPool with code: org.jboss.util.threadpool.BasicThreadPool
10:16:59,126 DEBUG [ServiceCreator] Created bean: jboss.system:service=ThreadPool
10:16:59,127 DEBUG [ServiceConfigurator] Name set to JBoss System Threads in jboss.system:service=ThreadPool
10:16:59,127 DEBUG [ServiceConfigurator] ThreadGroupName set to System Threads in jboss.system:service=ThreadPool
10:16:59,128 DEBUG [ServiceConfigurator] KeepAliveTime set to 60000 in jboss.system:service=ThreadPool
10:16:59,128 DEBUG [ServiceConfigurator] MaximumPoolSize set to 10 in jboss.system:service=ThreadPool
10:16:59,128 DEBUG [ServiceConfigurator] MaximumQueueSize set to 1000 in jboss.system:service=ThreadPool
10:16:59,129 DEBUG [ServiceConfigurator] BlockingMode set to run in jboss.system:service=ThreadPool
10:16:59,129 DEBUG [ServiceCreator] About to create xmbean object: jboss.system:type=Log4jService,service=Logging with code: org.jboss.logging.Log4jService with descriptor: resource:xmdesc/Log4jService-xmbean.xml
10:16:59,145 DEBUG [ServiceCreator] Created bean: jboss.system:type=Log4jService,service=Logging
10:16:59,146 DEBUG [ServiceConfigurator] ConfigurationURL set to resource:jboss-log4j.xml in jboss.system:type=Log4jService,service=Logging
10:16:59,146 DEBUG [ServiceConfigurator] Log4jQuietMode set to true in jboss.system:type=Log4jService,service=Logging
10:16:59,146 DEBUG [ServiceConfigurator] RefreshPeriod set to 60 in jboss.system:type=Log4jService,service=Logging
10:16:59,147 DEBUG [ServiceCreator] About to create bean: jboss.rmi:type=RMIClassLoader with code: org.jboss.util.property.jmx.SystemPropertyClassValue
10:16:59,148 DEBUG [ServiceCreator] Created bean: jboss.rmi:type=RMIClassLoader
10:16:59,149 DEBUG [ServiceConfigurator] Property set to java.rmi.server.RMIClassLoaderSpi in jboss.rmi:type=RMIClassLoader
10:16:59,149 DEBUG [ServiceConfigurator] ClassName set to org.jboss.system.JBossRMIClassLoader in jboss.rmi:type=RMIClassLoader
10:16:59,149 DEBUG [ServiceCreator] About to create bean: jboss:service=WebService with code: org.jboss.web.WebService
10:16:59,157 DEBUG [ServiceCreator] Created bean: jboss:service=WebService
10:16:59,157 DEBUG [ServiceConfigurator] BindAddress set to 127.0.0.1 in jboss:service=WebService
10:16:59,157 DEBUG [ServiceConfigurator] Port set to 8083 in jboss:service=WebService
10:16:59,158 DEBUG [ServiceConfigurator] Host set to 127.0.0.1 in jboss:service=WebService
10:16:59,158 DEBUG [ServiceConfigurator] DownloadServerClasses set to true in jboss:service=WebService
10:16:59,158 DEBUG [ServiceConfigurator] DownloadResources set to false in jboss:service=WebService
10:16:59,158 DEBUG [ServiceController] recording that jboss:service=WebService depends on jboss.system:service=ThreadPool
10:16:59,158 DEBUG [ServiceConfigurator] considering ThreadPool with object name jboss.system:service=ThreadPool
10:16:59,163 DEBUG [ServiceCreator] About to create xmbean object: jboss:service=NamingBeanImpl with code: org.jnp.server.NamingBeanImpl with descriptor: resource:xmdesc/NamingBean-xmbean.xml
10:16:59,171 DEBUG [ServiceCreator] Created bean: jboss:service=NamingBeanImpl
10:16:59,171 DEBUG [ServiceCreator] About to create xmbean object: jboss:service=Naming with code: org.jboss.naming.NamingService with descriptor: resource:xmdesc/NamingService-xmbean.xml
10:16:59,191 DEBUG [ModelMBeanInvoker] Ignoring obsolete legacy interceptor: org.jboss.mx.interceptor.PersistenceInterceptor2
10:16:59,191 DEBUG [ModelMBeanInvoker] Ignoring obsolete legacy interceptor: org.jboss.mx.interceptor.ModelMBeanInterceptor
10:16:59,191 DEBUG [ModelMBeanInvoker] Ignoring obsolete legacy interceptor: org.jboss.mx.interceptor.ObjectReferenceInterceptor
10:16:59,192 DEBUG [ServiceCreator] Created bean: jboss:service=Naming
10:16:59,192 DEBUG [ServiceConfigurator] CallByValue set to false in jboss:service=Naming
10:16:59,193 DEBUG [ServiceConfigurator] Port set to 1099 in jboss:service=Naming
10:16:59,194 DEBUG [ServiceConfigurator] BindAddress set to 127.0.0.1 in jboss:service=Naming
10:16:59,194 DEBUG [ServiceConfigurator] RmiPort set to 1098 in jboss:service=Naming
10:16:59,194 DEBUG [ServiceConfigurator] RmiBindAddress set to 127.0.0.1 in jboss:service=Naming
10:16:59,195 DEBUG [ServiceController] recording that jboss:service=Naming depends on jboss.system:service=ThreadPool
10:16:59,195 DEBUG [ServiceConfigurator] considering LookupPool with object name jboss.system:service=ThreadPool
10:16:59,198 DEBUG [ServiceController] recording that jboss:service=Naming depends on jboss:service=NamingBeanImpl
10:16:59,198 DEBUG [ServiceConfigurator] considering Naming with object name jboss:service=NamingBeanImpl
10:16:59,200 DEBUG [ServiceCreator] About to create xmbean object: jboss:service=JNDIView with code: org.jboss.naming.JNDIView with descriptor: resource:xmdesc/JNDIView-xmbean.xml
10:16:59,210 DEBUG [ServiceCreator] Created bean: jboss:service=JNDIView
10:16:59,210 DEBUG [ServiceConfigurator] HANamingService set to jboss:service=HAJNDI in jboss:service=JNDIView
10:16:59,211 DEBUG [ServiceCreator] About to create bean: jboss.security:service=SecurityConfig with code: org.jboss.security.plugins.SecurityConfig
10:16:59,214 DEBUG [ServiceCreator] Created bean: jboss.security:service=SecurityConfig
10:16:59,214 DEBUG [ServiceConfigurator] LoginConfig set to jboss.security:service=XMLLoginConfig in jboss.security:service=SecurityConfig
10:16:59,214 DEBUG [ServiceCreator] About to create bean: jboss.security:service=XMLLoginConfig with code: org.jboss.security.auth.login.XMLLoginConfig
10:16:59,220 DEBUG [ServiceCreator] Created bean: jboss.security:service=XMLLoginConfig
10:16:59,220 DEBUG [ServiceConfigurator] ConfigResource set to login-config.xml in jboss.security:service=XMLLoginConfig
10:16:59,221 DEBUG [ServiceCreator] About to create bean: jboss.security:service=JaasSecurityManager with code: org.jboss.security.plugins.JaasSecurityManagerService
10:16:59,236 DEBUG [ServiceCreator] Created bean: jboss.security:service=JaasSecurityManager
10:16:59,236 DEBUG [ServiceConfigurator] ServerMode set to true in jboss.security:service=JaasSecurityManager
10:16:59,237 DEBUG [ServiceConfigurator] SecurityManagerClassName set to org.jboss.security.plugins.JaasSecurityManager in jboss.security:service=JaasSecurityManager
10:16:59,237 DEBUG [ServiceConfigurator] DefaultUnauthenticatedPrincipal set to anonymous in jboss.security:service=JaasSecurityManager
10:16:59,237 DEBUG [ServiceConfigurator] DefaultCacheTimeout set to 1800 in jboss.security:service=JaasSecurityManager
10:16:59,237 DEBUG [ServiceConfigurator] DefaultCacheResolution set to 60 in jboss.security:service=JaasSecurityManager
10:16:59,238 DEBUG [ServiceConfigurator] DeepCopySubjectMode set to false in jboss.security:service=JaasSecurityManager
10:16:59,238 DEBUG [JaasSecurityManagerService] setDeepCopySubjectMode=false
10:16:59,238 DEBUG [ServiceCreator] About to create bean: jboss:service=XidFactory with code: org.jboss.tm.XidFactory
10:16:59,241 DEBUG [ServiceCreator] Created bean: jboss:service=XidFactory
10:16:59,242 DEBUG [ServiceCreator] About to create bean: jboss:service=TransactionManager with code: com.arjuna.ats.jbossatx.jta.TransactionManagerService
10:16:59,269 DEBUG [ServiceCreator] Created bean: jboss:service=TransactionManager
10:16:59,269 DEBUG [ServiceConfigurator] TransactionTimeout set to 300 in jboss:service=TransactionManager
10:16:59,269 DEBUG [ServiceConfigurator] ObjectStoreDir set to /home/linux/Dokumente/Software Maintaince and Evolution/jboss-4.2.3.GA/server/default/data/tx-object-store in jboss:service=TransactionManager
10:16:59,270 DEBUG [ServiceCreator] About to create xmbean object: jboss:service=ClientUserTransaction with code: org.jboss.tm.usertx.server.ClientUserTransactionService with descriptor: resource:xmdesc/ClientUserTransaction-xmbean.xml
10:16:59,277 DEBUG [ServiceCreator] Created bean: jboss:service=ClientUserTransaction
10:16:59,277 DEBUG [ServiceCreator] About to create bean: jboss:service=proxyFactory,target=ClientUserTransactionFactory with code: org.jboss.invocation.jrmp.server.JRMPProxyFactory
10:16:59,282 DEBUG [ServiceCreator] Created bean: jboss:service=proxyFactory,target=ClientUserTransactionFactory
10:16:59,282 DEBUG [ServiceConfigurator] InvokerName set to jboss:service=invoker,type=unified in jboss:service=proxyFactory,target=ClientUserTransactionFactory
10:16:59,283 DEBUG [ServiceConfigurator] TargetName set to jboss:service=ClientUserTransaction in jboss:service=proxyFactory,target=ClientUserTransactionFactory
10:16:59,284 DEBUG [ServiceConfigurator] JndiName set to UserTransactionSessionFactory in jboss:service=proxyFactory,target=ClientUserTransactionFactory
10:16:59,285 DEBUG [ServiceConfigurator] ExportedInterface set to interface org.jboss.tm.usertx.interfaces.UserTransactionSessionFactory in jboss:service=proxyFactory,target=ClientUserTransactionFactory
10:16:59,288 DEBUG [ServiceConfigurator] ClientInterceptors set to [interceptors: null] in jboss:service=proxyFactory,target=ClientUserTransactionFactory
10:16:59,290 DEBUG [JRMPProxyFactory] added interceptor type: class org.jboss.proxy.ClientMethodInterceptor
10:16:59,290 DEBUG [JRMPProxyFactory] added interceptor type: class org.jboss.invocation.InvokerInterceptor
10:16:59,290 DEBUG [ServiceController] recording that jboss:service=proxyFactory,target=ClientUserTransactionFactory depends on jboss:service=invoker,type=unified
10:16:59,290 DEBUG [ServiceConfigurator] considering <anonymous> with object name jboss:service=invoker,type=unified
10:16:59,290 DEBUG [ServiceController] recording that jboss:service=ClientUserTransaction depends on jboss:service=proxyFactory,target=ClientUserTransactionFactory
10:16:59,290 DEBUG [ServiceConfigurator] considering <anonymous> with object name jboss:service=proxyFactory,target=ClientUserTransactionFactory
10:16:59,290 DEBUG [ServiceCreator] About to create bean: jboss:service=proxyFactory,target=ClientUserTransaction with code: org.jboss.invocation.jrmp.server.JRMPProxyFactory
10:16:59,293 DEBUG [ServiceCreator] Created bean: jboss:service=proxyFactory,target=ClientUserTransaction
10:16:59,293 DEBUG [ServiceConfigurator] InvokerName set to jboss:service=invoker,type=unified in jboss:service=proxyFactory,target=ClientUserTransaction
10:16:59,293 DEBUG [ServiceConfigurator] TargetName set to jboss:service=ClientUserTransaction in jboss:service=proxyFactory,target=ClientUserTransaction
10:16:59,294 DEBUG [ServiceConfigurator] ExportedInterface set to interface org.jboss.tm.usertx.interfaces.UserTransactionSession in jboss:service=proxyFactory,target=ClientUserTransaction
10:16:59,295 DEBUG [ServiceConfigurator] ClientInterceptors set to [interceptors: null] in jboss:service=proxyFactory,target=ClientUserTransaction
10:16:59,296 DEBUG [JRMPProxyFactory] added interceptor type: class org.jboss.proxy.ClientMethodInterceptor
10:16:59,296 DEBUG [JRMPProxyFactory] added interceptor type: class org.jboss.invocation.InvokerInterceptor
10:16:59,296 DEBUG [ServiceController] recording that jboss:service=proxyFactory,target=ClientUserTransaction depends on jboss:service=invoker,type=unified
10:16:59,296 DEBUG [ServiceConfigurator] considering <anonymous> with object name jboss:service=invoker,type=unified
10:16:59,296 DEBUG [ServiceController] recording that jboss:service=ClientUserTransaction depends on jboss:service=proxyFactory,target=ClientUserTransaction
10:16:59,296 DEBUG [ServiceConfigurator] considering TxProxyName with object name jboss:service=proxyFactory,target=ClientUserTransaction
10:16:59,296 DEBUG [ServiceCreator] About to create bean: jboss:service=invoker,type=unified with code: org.jboss.invocation.unified.server.UnifiedInvoker
10:16:59,304 DEBUG [ServiceCreator] Created bean: jboss:service=invoker,type=unified
10:16:59,304 DEBUG [ServiceController] recording that jboss:service=invoker,type=unified depends on jboss:service=TransactionManager
10:16:59,304 DEBUG [ServiceConfigurator] considering <anonymous> with object name jboss:service=TransactionManager
10:16:59,304 DEBUG [ServiceController] recording that jboss:service=invoker,type=unified depends on jboss.remoting:service=Connector,transport=socket
10:16:59,304 DEBUG [ServiceConfigurator] considering <anonymous> with object name jboss.remoting:service=Connector,transport=socket
10:16:59,304 DEBUG [ServiceCreator] About to create bean: jboss:service=invoker,type=jrmp with code: org.jboss.invocation.jrmp.server.JRMPInvoker
10:16:59,311 DEBUG [ServiceCreator] Created bean: jboss:service=invoker,type=jrmp
10:16:59,311 DEBUG [ServiceConfigurator] RMIObjectPort set to 4444 in jboss:service=invoker,type=jrmp
10:16:59,312 DEBUG [ServiceConfigurator] ServerAddress set to 127.0.0.1 in jboss:service=invoker,type=jrmp
10:16:59,312 DEBUG [ServiceController] recording that jboss:service=invoker,type=jrmp depends on jboss:service=TransactionManager
10:16:59,312 DEBUG [ServiceConfigurator] considering <anonymous> with object name jboss:service=TransactionManager
10:16:59,312 DEBUG [ServiceCreator] About to create bean: jboss:service=invoker,type=local with code: org.jboss.invocation.local.LocalInvoker
10:16:59,315 DEBUG [ServiceCreator] Created bean: jboss:service=invoker,type=local
10:16:59,315 DEBUG [ServiceController] recording that jboss:service=invoker,type=local depends on jboss:service=TransactionManager
10:16:59,315 DEBUG [ServiceConfigurator] considering <anonymous> with object name jboss:service=TransactionManager
10:16:59,315 DEBUG [ServiceCreator] About to create bean: jboss:service=invoker,type=pooled with code: org.jboss.invocation.pooled.server.PooledInvoker
10:16:59,322 DEBUG [ServiceCreator] Created bean: jboss:service=invoker,type=pooled
10:16:59,322 DEBUG [ServiceConfigurator] NumAcceptThreads set to 1 in jboss:service=invoker,type=pooled
10:16:59,322 DEBUG [ServiceConfigurator] MaxPoolSize set to 300 in jboss:service=invoker,type=pooled
10:16:59,322 DEBUG [ServiceConfigurator] ClientMaxPoolSize set to 300 in jboss:service=invoker,type=pooled
10:16:59,322 DEBUG [ServiceConfigurator] SocketTimeout set to 60000 in jboss:service=invoker,type=pooled
10:16:59,323 DEBUG [ServiceConfigurator] ServerBindAddress set to 127.0.0.1 in jboss:service=invoker,type=pooled
10:16:59,323 DEBUG [ServiceConfigurator] ServerBindPort set to 4445 in jboss:service=invoker,type=pooled
10:16:59,323 DEBUG [ServiceConfigurator] ClientConnectAddress set to 127.0.0.1 in jboss:service=invoker,type=pooled
10:16:59,324 DEBUG [ServiceConfigurator] ClientConnectPort set to 0 in jboss:service=invoker,type=pooled
10:16:59,324 DEBUG [ServiceConfigurator] ClientRetryCount set to 1 in jboss:service=invoker,type=pooled
10:16:59,324 DEBUG [ServiceConfigurator] EnableTcpNoDelay set to false in jboss:service=invoker,type=pooled
10:16:59,324 DEBUG [ServiceController] recording that jboss:service=invoker,type=pooled depends on jboss:service=TransactionManager
10:16:59,324 DEBUG [ServiceConfigurator] considering TransactionManagerService with object name jboss:service=TransactionManager
10:16:59,325 DEBUG [ServiceCreator] About to create bean: jboss.remoting:service=NetworkRegistry with code: org.jboss.remoting.network.NetworkRegistry
10:16:59,330 DEBUG [ServiceCreator] Created bean: jboss.remoting:service=NetworkRegistry
10:16:59,330 DEBUG [ServiceCreator] About to create bean: jboss.remoting:service=Connector,transport=socket with code: org.jboss.remoting.transport.Connector
10:16:59,334 DEBUG [ServiceCreator] Created bean: jboss.remoting:service=Connector,transport=socket
10:16:59,337 DEBUG [ServiceConfigurator] Configuration set to [config: null] in jboss.remoting:service=Connector,transport=socket
10:16:59,337 DEBUG [ServiceController] recording that jboss.remoting:service=Connector,transport=socket depends on jboss.remoting:service=NetworkRegistry
10:16:59,337 DEBUG [ServiceConfigurator] considering <anonymous> with object name jboss.remoting:service=NetworkRegistry
10:16:59,337 DEBUG [ServiceCreator] About to create bean: jboss.jdbc:service=metadata with code: org.jboss.ejb.plugins.cmp.jdbc.metadata.MetaDataLibrary
10:16:59,340 DEBUG [ServiceCreator] Created bean: jboss.jdbc:service=metadata
10:16:59,340 DEBUG [ServiceCreator] About to create bean: jboss.deployment:type=DeploymentScanner,flavor=URL with code: org.jboss.deployment.scanner.URLDeploymentScanner
10:16:59,345 DEBUG [ServiceCreator] Created bean: jboss.deployment:type=DeploymentScanner,flavor=URL
10:16:59,345 DEBUG [ServiceController] recording that jboss.deployment:type=DeploymentScanner,flavor=URL depends on jboss.system:service=MainDeployer
10:16:59,345 DEBUG [ServiceConfigurator] considering Deployer with object name jboss.system:service=MainDeployer
10:16:59,347 DEBUG [ServiceConfigurator] URLComparator set to org.jboss.deployment.DeploymentSorter in jboss.deployment:type=DeploymentScanner,flavor=URL
10:16:59,350 DEBUG [ServiceConfigurator] FilterInstance set to org.jboss.deployment.scanner.DeploymentFilter@24bbe429 in jboss.deployment:type=DeploymentScanner,flavor=URL
10:16:59,350 DEBUG [ServiceConfigurator] ScanPeriod set to 5000 in jboss.deployment:type=DeploymentScanner,flavor=URL
10:16:59,350 DEBUG [ServiceConfigurator] ScanEnabled set to true in jboss.deployment:type=DeploymentScanner,flavor=URL
10:16:59,350 DEBUG [ServiceConfigurator] URLs set to deploy/ in jboss.deployment:type=DeploymentScanner,flavor=URL
10:16:59,350 DEBUG [URLDeploymentScanner] Adding URL from spec: deploy/
10:16:59,351 DEBUG [URLDeploymentScanner] URL: file:/home/linux/Dokumente/Software Maintaince and Evolution/jboss-4.2.3.GA/server/default/deploy/
10:16:59,351 DEBUG [URLDeploymentScanner] Added url: file:/home/linux/Dokumente/Software Maintaince and Evolution/jboss-4.2.3.GA/server/default/deploy/
10:16:59,351 DEBUG [URLDeploymentScanner] URL list: [file:/home/linux/Dokumente/Software Maintaince and Evolution/jboss-4.2.3.GA/server/default/deploy/]
10:16:59,351 DEBUG [ServiceConfigurator] RecursiveSearch set to true in jboss.deployment:type=DeploymentScanner,flavor=URL
10:16:59,351 DEBUG [ServiceController] Creating service jboss.management.local:j2eeType=J2EEDomain,name=Manager
10:16:59,351 DEBUG [LocalJBossServerDomain] Creating jboss.management.local:j2eeType=J2EEDomain,name=Manager
10:16:59,351 DEBUG [LocalJBossServerDomain] setupJ2EEMBeans(), create J2EEServer instance
10:16:59,354 DEBUG [J2EEDomain] ctor, name: jboss.management.local:name=jboss.management.local,j2eeType=J2EEDomain
10:16:59,356 DEBUG [J2EEDomain] postRegister(), parent: null
10:16:59,359 DEBUG [J2EEServer] postRegister(), parent: jboss.management.local:j2eeType=J2EEDomain,name=jboss.management.local
10:16:59,368 DEBUG [JVM] postRegister(), parent: jboss.management.local:j2eeType=J2EEServer,name=Local
10:16:59,374 DEBUG [LocalJBossServerDomain] Registered as listener of: jboss.system:service=ServiceController
10:16:59,380 DEBUG [LocalJBossServerDomain] Registering with all deployers, mainDeployer=jboss.system:service=MainDeployer
10:16:59,380 DEBUG [LocalJBossServerDomain] Getting current deployers
10:16:59,380 DEBUG [LocalJBossServerDomain] Registering as listener of deployer: jboss.system:service=ServiceDeployer
10:16:59,380 DEBUG [LocalJBossServerDomain] Registering as listener of deployer: jboss.system:service=JARDeployer
10:16:59,380 DEBUG [LocalJBossServerDomain] Created jboss.management.local:j2eeType=J2EEDomain,name=Manager
10:16:59,380 DEBUG [LocalJBossServerDomain] handleNotification: javax.management.Notification[source=jboss.system:service=ServiceController][type=org.jboss.system.ServiceMBean.create][message=]
10:16:59,380 DEBUG [DefaultManagedObjectFactoryMap] Failed to find factory for event: javax.management.Notification[source=jboss.system:service=ServiceController][type=org.jboss.system.ServiceMBean.create][message=]
10:16:59,380 DEBUG [ServiceController] Creating dependent components for: jboss.management.local:j2eeType=J2EEDomain,name=Manager dependents are: []
10:16:59,380 DEBUG [ServiceController] Creating service jboss:service=AttributePersistenceService
10:16:59,381 DEBUG [AttributePersistenceService] Creating jboss:service=AttributePersistenceService
10:16:59,381 DEBUG [AttributePersistenceService] Created jboss:service=AttributePersistenceService
10:16:59,381 DEBUG [LocalJBossServerDomain] handleNotification: javax.management.Notification[source=jboss.system:service=ServiceController][type=org.jboss.system.ServiceMBean.create][message=]
10:16:59,381 DEBUG [DefaultManagedObjectFactoryMap] Failed to find factory for event: javax.management.Notification[source=jboss.system:service=ServiceController][type=org.jboss.system.ServiceMBean.create][message=]
10:16:59,381 DEBUG [ServiceController] Creating dependent components for: jboss:service=AttributePersistenceService dependents are: []
10:16:59,381 DEBUG [ServiceController] Creating service jboss.system:service=ThreadPool
10:16:59,381 DEBUG [LocalJBossServerDomain] handleNotification: javax.management.Notification[source=jboss.system:service=ServiceController][type=org.jboss.system.ServiceMBean.create][message=]
10:16:59,381 DEBUG [DefaultManagedObjectFactoryMap] Failed to find factory for event: javax.management.Notification[source=jboss.system:service=ServiceController][type=org.jboss.system.ServiceMBean.create][message=]
10:16:59,381 DEBUG [ServiceController] Creating dependent components for: jboss.system:service=ThreadPool dependents are: [ObjectName: jboss:service=WebService
  State: CONFIGURED
  I Depend On:
    jboss.system:service=ThreadPool
, ObjectName: jboss:service=Naming
  State: CONFIGURED
  I Depend On:
    jboss.system:service=ThreadPool
    jboss:service=NamingBeanImpl
]
10:16:59,381 DEBUG [ServiceController] Creating service jboss:service=WebService
10:16:59,381 DEBUG [WebService] Creating jboss:service=WebService
10:16:59,381 INFO  [WebService] Using RMI server codebase: http://127.0.0.1:8083/
10:16:59,381 DEBUG [WebService] Created jboss:service=WebService
10:16:59,381 DEBUG [LocalJBossServerDomain] handleNotification: javax.management.Notification[source=jboss.system:service=ServiceController][type=org.jboss.system.ServiceMBean.create][message=]
10:16:59,381 DEBUG [DefaultManagedObjectFactoryMap] Failed to find factory for event: javax.management.Notification[source=jboss.system:service=ServiceController][type=org.jboss.system.ServiceMBean.create][message=]
10:16:59,382 DEBUG [ServiceController] Creating dependent components for: jboss:service=WebService dependents are: []
10:16:59,382 DEBUG [ServiceController] Creating service jboss:service=Naming
10:16:59,382 DEBUG [ServiceController] waiting in create of jboss:service=Naming waiting on jboss:service=NamingBeanImpl
10:16:59,382 DEBUG [ServiceController] Creating service jboss.system:type=Log4jService,service=Logging
10:16:59,382 DEBUG [Log4jService] Creating jboss.system:type=Log4jService,service=Logging
10:16:59,382 INFO  [Log4jService$URLWatchTimerTask] Configuring from URL: resource:jboss-log4j.xml
